<?xml version="1.0" encoding="UTF-8"?>
<testng-results ignored="0" total="1" passed="1" failed="0" skipped="0">
  <reporter-output>
  </reporter-output>
  <suite started-at="2021-04-22T08:36:03 IST" name="Default suite" finished-at="2021-04-22T08:37:03 IST" duration-ms="59660">
    <groups>
    </groups>
    <test started-at="2021-04-22T08:36:03 IST" name="Default test" finished-at="2021-04-22T08:37:03 IST" duration-ms="59660">
      <class name="tests.BaseClass">
        <test-method is-config="true" signature="setup()[pri:0, instance:tests.BaseClass@6ef888f6]" started-at="2021-04-22T08:36:03 IST" name="setup" finished-at="2021-04-22T08:36:03 IST" duration-ms="15" status="PASS">
          <reporter-output>
          </reporter-output>
        </test-method> <!-- setup -->
        <test-method signature="sampleTest()[pri:0, instance:tests.BaseClass@6ef888f6]" started-at="2021-04-22T08:36:03 IST" name="sampleTest" finished-at="2021-04-22T08:37:03 IST" duration-ms="59601" status="PASS">
          <reporter-output>
          </reporter-output>
        </test-method> <!-- sampleTest -->
        <test-method is-config="true" signature="teardown()[pri:0, instance:tests.BaseClass@6ef888f6]" started-at="2021-04-22T08:37:03 IST" name="teardown" finished-at="2021-04-22T08:37:03 IST" duration-ms="0" status="PASS">
          <reporter-output>
          </reporter-output>
        </test-method> <!-- teardown -->
      </class> <!-- tests.BaseClass -->
    </test> <!-- Default test -->
  </suite> <!-- Default suite -->
</testng-results>
